""""""""""""""""""""""""""B"""""""""""""""""""""""""""""""""""""""""""""""""""""""""""""""""""""""""
"""""""""""""""""""""""""%'0""""""""""""""""""""""""""""""""""""""""""""""""""""""""""""""""""""""""
"""""""""""""""""""""""?%BBB""""""""""""""""""""""""""""""""""""""""""""""""""""""""""""""""""""""""
""""""""""""""""""""""<'BBBB""""""""""""""""""""""""""""""""""""""""""""""""""""""""""""""""""""""""
""""""""""""""""""""""%BB,</""""""""""""""""""""""""""""""""""""""""""""""""""""""""""""""""""""""""
"""""""""""""""""""""'B<<<<<""""""""""""""""""""""""""""""""""""""""""""""""""""""""'00B""""""""""""
"""""""""""""""""""""B<<<<<-""""""""""""""""""""""""""""""""""-%BB''%%B"""""""""""?00000""""""""""""
""""""""""""""""""""-<<<<<<B""""""""""""""""""""""""""0B000?BBBBBB'%%%"""""""""000000000'"""""""""""
""""""""""""""""""""0<<<<<<<"""""""""""""""""""""",<<<<<<<<BBBBBBBBB""""""""""0<000000000"""""""""""
""""""""""""""""""""0<<<<<<"""""""""""""""""""%0<<<<<<<<<<BBBBB'B%""""""""""0<<0000000<<<-""""""""""
"""""""""""""""""""00<<<<<?"?,,',,/0"""""""B<<<<<<<<<<<<<BBBBBB"""""""""""/<<<<<<0<0<<<<<?""""""""""
""""""""""""""""""""0<<<000000000<<<<<<<??<<<<<<<<<<<<<<BBB0""""""""""""-<<<<<<<0<<<<<<<<<""""""""""
""""""""""""""""""""<00000000000<<0<<<<<<<<<<<<<<<<<<</?""""""""""""""B<<<<<<<<<<<<<<<<<<</"""""""""
""""""""""""""""""000000000000<00"'B?<<<<<<<</<<<?0"""""""""""""""""0<<<<<<<<<<<<<<<<<<<<<'"""""""""
"""""""""""""""""<,'000000<<<<<BBBB',<<<<<<<<</""""""""""""""""""""<<<<<<<<<<<<<<<<<<<<<<<-"""""""""
""""""""""""""""0B/B00<<<<<<<<<</B-<<<<0<<<<<<<?"""""""""""""""""B<<<<<<<<<<<<<<<<<<<<<<B"""""""""""
"""""""""""""""-'''<<<<<<<<<<B<<<<<<'???-'<<<<<<B""""""""""""""<<<<<<<<<<<<<<<<<<<<<<'""""""""""""""
"""""""""""""""<<<<00</%''%-,0<<<<</?????-<<<<<<<<""""""""""""B<<<<<<<<<<<<<<<<<<<,"""""""""""""""""
""""""""""""""0?,<<<<<<-,,,,,B<<<<<,--?---0<<<<<<<""""""""""""<<<<<<<<<<<<<<<<<<<"""""""""""""""""""
"""""""""""""""/?B<<<<<<-,,---<<<<<<?-----<<<<<<<<?"""""""""""""<<<<</<<<<<<<-""""""""""""""""""""""
"""""""""""""""0?-0<<<<<<-,?//<<<<<<<0''<<<<<<<<<<<B""""""""""""0</<//<<<<'"""""""""""""""""""""""""
"""""""""""""""""?,<<<<<<<'//%<<<<<<<<<<<<<<<<<<<<<<<"""""""""""",/////-""""""""""""""""""""""""""""
"""""""""""""""""",<<<<<<<<<<<<<<<<<<<<<<<</B000<<<<<<""""""""""""'///?"""""""""""""""""""""""""""""
"""""""""""""""""""""B<<<<<<<<<<<<<<<<<<<<00//<<<<<<<//"""""""""""-////%""""""""""""""""""""""""""""
"""""""""""""""B00<<<<<<<<<<<<<<<<<<<<<<</</////0<<<<<-B""""""""B?/?????%"""""""""""""""""""""""""""
"""""""""",<<00<<<<<<<<<<<<<<<<<<<<<<<<<<'</////<<<<<<<</""""0/???????,"""""""""""""""""""""""""""""
""""""""",//0<<<<<<<<<<<<<<<<<<<<<<<<<<<<<0<<<<<<<<<<<<<<0""0??????/?"""""""""""""""""""""""""""""""
"""""""""0///<<<<<<<<<<<<<<<<<<<<<<<<<<<<<</<<<<<<<<<<<<<<<0""%???/"""""""""""""""""""""""""""""""""
""""""""""-<'?0<<<<<<<<<-<<<<<<<<<<<<<<<<<<<<<<<<<<<<<<<<<<0'"""B?--,"""""""""""""""""""""""""""""""
"""""""""""""""""""""""""<<<<<<<<<<<<<<<<<<<<<<<<<<<<<<<<<<<'B""""----""""""""""""""""""""""""""""""
"""""""""""""""""""""""""'<<<<<<<<<<<<<<<<<<<<<<<<<<<<<<<<<<</%,------%"""""""""""""""""""""""""""""
""""""""""""""""""""""""""<<<<<<<<<<<<<<<<<<<<<<<<<<<<<<<<<<<//B--%"""""""""""""""""""""""""""""""""
""""""""""""""""""""""""""?<<<<<<<<<<<<<<<<<<<<<<<<<<<<<<<<<<///-'""""""""""""""""""""""""""""""""""
"""""""""""""""""""""""""",00<<<<<<<<<<<<<<<<<<<<<<<<<<<<<<<<///---/""""""""""""""""""""""""""""""""
""""""""""""""""""""""""""<00<<<<<<<<<<<<<<<<<<<<<<<<<<<<<<</////"""""""""""""""""""""""""""""""""""
"""""""""""""""""""""""""""00<<<<<<<<<<<<<<<<<<<<<<<<<<<<<//////0"""""""""""""""""""""""""""""""""""
""""""""""""""""""""""""""",<<<<<<<<<<<</////<<<<<<<<<//////////""""""""""""""""""""""""""""""""""""
""""""""""""""""""""""""""""<<<<<<<<///////////////////////////%""""""""""""""""""""""""""""""""""""
"""""""""""""""""""""""""""""<///////////-""""""/,////////////0"""""""""""""""""""""""""""""""""""""
""""""""""""""""""""""""""""""""/'?/-B-"""""""""""""""</,'-???-"""""""""""""""""""""""""""""""""""""
"""""""""""""""""""""""""""""""""""??'/"""""""""""""""""""/,?B?"""""""""""""""""""""""""""""""""""""
"""""""""""""""""""""""""""""""""""/,<<""""""""""""""""""""/<<<"""""""""""""""""""""""""""""""""""""
"""""""""""""""""""""""""""""""""""""""""""""""""""""""""""""?0"""""""""""""""""""""""""""""""""""""