***** Section <default> *****
Stats: size=360  blocks=360  symbols=14  literals=0  relocations=0
Blocks
    name        start   size  #ins #dir #sto
    <default>   00000  00168    30    6    6
Symbols
    name        hex       dec  scope     kind      type      description
    ARRAY    000063        99  local     relative  data      label
    BEGIN    000000         0  local     relative  code      label
    I        00005A        90  local     relative  data      label
    INDEX    000060        96  local     relative  data      label
    J        00005D        93  local     relative  data      label
    L1       00000C        12  local     relative  code      label
    L2       000012        18  local     relative  code      label
    ONE      00015F       351  local     relative  data      label
    SUM      000156       342  local     relative  data      label
    TEMP     000159       345  local     relative  data      label
    TEN      000162       354  local     relative  data      label
    TEST     000000         0  exported  relative  code      label
    THREE    000165       357  local     relative  data      label
    ZERO     00015C       348  local     relative  data      label
Literals
    label   definition
Relocations
    address length flag symbol
