32323232323232323232323232323232323232323232323232326432323232323232323232323232323232323232323232323232323232323232323232323232323232323232323232323232323232323232323232323232323232323232323232323232
32323232323232323232323232323232323232323232323232353746323232323232323232323232323232323232323232323232323232323232323232323232323232323232323232323232323232323232323232323232323232323232323232323232
32323232323232323232323232323232323232323232326135646464323232323232323232323232323232323232323232323232323232323232323232323232323232323232323232323232323232323232323232323232323232323232323232323232
32323232323232323232323232323232323232323232583764646464323232323232323232323232323232323232323232323232323232323232323232323232323232323232323232323232323232323232323232323232323232323232323232323232
32323232323232323232323232323232323232323232356464425845323232323232323232323232323232323232323232323232323232323232323232323232323232323232323232323232323232323232323232323232323232323232323232323232
32323232323232323232323232323232323232323237645858585858323232323232323232323232323232323232323232323232323232323232323232323232323232323232323232323232323232323232323237464664323232323232323232323232
32323232323232323232323232323232323232323264585858585843323232323232323232323232323232323232323232323232323232323232323232324335646437373535643232323232323232323232614646464646323232323232323232323232
32323232323232323232323232323232323232324358585858585864323232323232323232323232323232323232323232323232323246644646466164646464646437353535323232323232323232464646464646464646373232323232323232323232
32323232323232323232323232323232323232324658585858585858323232323232323232323232323232323232323232324258585858585858586464646464646464643232323232323232323246584646464646464646463232323232323232323232
32323232323232323232323232323232323232324658585858585832323232323232323232323232323232323232354658585858585858585858646464646437643532323232323232323232465858464646464646465858584332323232323232323232
32323232323232323232323232323232323232464658585858586132614242374242454632323232323232645858585858585858585858585864646464646432323232323232323232324558585858585846584658585858586132323232323232323232
32323232323232323232323232323232323232324658585846464646464646464658585858585858616158585858585858585858585858586464644632323232323232323232323243585858585858584658585858585858585832323232323232323232
32323232323232323232323232323232323232325846464646464646464646465858465858585858585858585858585858585858585845613232323232323232323232323232645858585858585858585858585858585858585845323232323232323232
32323232323232323232323232323232323246464646464646464646464658464632376461585858585858585845585858614632323232323232323232323232323232324658585858585858585858585858585858585858585837323232323232323232
32323232323232323232323232323232325842374646464646465858585858646464643742585858585858585858453232323232323232323232323232323232323232585858585858585858585858585858585858585858585843323232323232323232
32323232323232323232323232323232466445644646585858585858585858584564435858585846585858585858586132323232323232323232323232323232326458585858585858585858585858585858585858585858643232323232323232323232
32323232323232323232323232323243373737585858585858585858586458585858585837616161433758585858585864323232323232323232323232323258585858585858585858585858585858585858585858373232323232323232323232323232
32323232323232323232323232323258585858464658453537373543424658585858584561616161614358585858585858583232323232323232323232326458585858585858585858585858585858585858423232323232323232323232323232323232
32323232323232323232323232324661425858585858584342424242426458585858584243436143434346585858585858583232323232323232323232325858585858585858585858585858585858585832323232323232323232323232323232323232
32323232323232323232323232323245616458585858585843424243434358585858585861434343434358585858585858586132323232323232323232323232585858585845585858585858584332323232323232323232323232323232323232323232
32323232323232323232323232323246614346585858585858434261454558585858585858463737585858585858585858585864323232323232323232323232465845584545585858583732323232323232323232323232323232323232323232323232
32323232323232323232323232323232326142585858585858583745453558585858585858585858585858585858585858585858583232323232323232323232324245454545454332323232323232323232323232323232323232323232323232323232
32323232323232323232323232323232323242585858585858585858585858585858585858585858585858456446464658585858585832323232323232323232323237454545613232323232323232323232323232323232323232323232323232323232
32323232323232323232323232323232323232323264585858585858585858585858585858585858585846464545585858585858584545323232323232323232323243454545453532323232323232323232323232323232323232323232323232323232
32323232323232323232323232323264464658585858585858585858585858585858585858585858584558454545454546585858585843643232323232323232646145616161616135323232323232323232323232323232323232323232323232323232
32323232323232323232425858464658585858585858585858585858585858585858585858585858583758454545454558585858585858584532323232464561616161616161423232323232323232323232323232323232323232323232323232323232
32323232323232323242454546585858585858585858585858585858585858585858585858585858585846585858585858585858585858585846323246616161616161456132323232323232323232323232323232323232323232323232323232323232
32323232323232323246454545585858585858585858585858585858585858585858585858585858585858455858585858585858585858585858584632323561616145323232323232323232323232323232323232323232323232323232323232323232
32323232323232323232435837614658585858585858585843585858585858585858585858585858585858585858585858585858585858585858584637323232646143434232323232323232323232323232323232323232323232323232323232323232
32323232323232323232323232323232323232323232323232585858585858585858585858585858585858585858585858585858585858585858585837643232323243434343323232323232323232323232323232323232323232323232323232323232
32323232323232323232323232323232323232323232323232375858585858585858585858585858585858585858585858585858585858585858585858453542434343434343353232323232323232323232323232323232323232323232323232323232
32323232323232323232323232323232323232323232323232325858585858585858585858585858585858585858585858585858585858585858585858454564434335323232323232323232323232323232323232323232323232323232323232323232
32323232323232323232323232323232323232323232323232326158585858585858585858585858585858585858585858585858585858585858585858454545433732323232323232323232323232323232323232323232323232323232323232323232
32323232323232323232323232323232323232323232323232324246465858585858585858585858585858585858585858585858585858585858585858454545434343453232323232323232323232323232323232323232323232323232323232323232
32323232323232323232323232323232323232323232323232325846465858585858585858585858585858585858585858585858585858585858585845454545453232323232323232323232323232323232323232323232323232323232323232323232
32323232323232323232323232323232323232323232323232323246465858585858585858585858585858585858585858585858585858585858454545454545463232323232323232323232323232323232323232323232323232323232323232323232
32323232323232323232323232323232323232323232323232323242585858585858585858585858454545454558585858585858585845454545454545454545323232323232323232323232323232323232323232323232323232323232323232323232
32323232323232323232323232323232323232323232323232323232585858585858585845454545454545454545454545454545454545454545454545454535323232323232323232323232323232323232323232323232323232323232323232323232
32323232323232323232323232323232323232323232323232323232325845454545454545454545454332323232323245424545454545454545454545454632323232323232323232323232323232323232323232323232323232323232323232323232
32323232323232323232323232323232323232323232323232323232323232324537614543644332323232323232323232323232323258454237436161614332323232323232323232323232323232323232323232323232323232323232323232323232
32323232323232323232323232323232323232323232323232323232323232323232326161374532323232323232323232323232323232323232454261646132323232323232323232323232323232323232323232323232323232323232323232323232
32323232323232323232323232323232323232323232323232323232323232323232324542585832323232323232323232323232323232323232324558585832323232323232323232323232323232323232323232323232323232323232323232323232
32323232323232323232323232323232323232323232323232323232323232323232323232323232323232323232323232323232323232323232323232614632323232323232323232323232323232323232323232323232323232323232323232323232